<?xml version="1.0" encoding="UTF-8"?>
<testng-results ignored="0" total="5" passed="5" failed="0" skipped="0">
  <reporter-output>
  </reporter-output>
  <suite started-at="2024-05-26T11:13:07 IST" name="Default suite" finished-at="2024-05-26T11:13:17 IST" duration-ms="9845">
    <groups>
      <group name="cucumber">
        <method signature="AbstractTestNGCucumberTests.runScenario(io.cucumber.testng.PickleWrapper,io.cucumber.testng.FeatureWrapper)[pri:0, instance:CucumberTestRunner.TestRunner@303cf2ba]" name="runScenario" class="io.cucumber.testng.AbstractTestNGCucumberTests"/>
      </group> <!-- cucumber -->
    </groups>
    <test started-at="2024-05-26T11:13:07 IST" name="Default test" finished-at="2024-05-26T11:13:17 IST" duration-ms="9845">
      <class name="CucumberTestRunner.TestRunner">
        <test-method is-config="true" signature="setUpClass(org.testng.ITestContext)[pri:0, instance:CucumberTestRunner.TestRunner@303cf2ba]" started-at="2024-05-26T11:13:07 IST" name="setUpClass" finished-at="2024-05-26T11:13:07 IST" duration-ms="296" status="PASS">
          <params>
            <param index="0">
              <value>
                <![CDATA[org.testng.TestRunner@5a51336a]]>
              </value>
            </param>
          </params>
          <reporter-output>
          </reporter-output>
        </test-method> <!-- setUpClass -->
        <test-method signature="runScenario(io.cucumber.testng.PickleWrapper,io.cucumber.testng.FeatureWrapper)[pri:0, instance:CucumberTestRunner.TestRunner@303cf2ba]" started-at="2024-05-26T11:13:07 IST" name="runScenario" description="Runs Cucumber Scenarios" data-provider="scenarios" finished-at="2024-05-26T11:13:12 IST" duration-ms="4379" status="PASS">
          <params>
            <param index="0">
              <value>
                <![CDATA["Verify Add a place in the API"]]>
              </value>
            </param>
            <param index="1">
              <value>
                <![CDATA["Validation of Places in the API"]]>
              </value>
            </param>
          </params>
          <reporter-output>
          </reporter-output>
        </test-method> <!-- runScenario -->
        <test-method signature="runScenario(io.cucumber.testng.PickleWrapper,io.cucumber.testng.FeatureWrapper)[pri:0, instance:CucumberTestRunner.TestRunner@303cf2ba]" started-at="2024-05-26T11:13:12 IST" name="runScenario" description="Runs Cucumber Scenarios" data-provider="scenarios" finished-at="2024-05-26T11:13:13 IST" duration-ms="1287" status="PASS">
          <params>
            <param index="0">
              <value>
                <![CDATA["Verify Add multiple places in the API"]]>
              </value>
            </param>
            <param index="1">
              <value>
                <![CDATA["Validation of Places in the API"]]>
              </value>
            </param>
          </params>
          <reporter-output>
          </reporter-output>
        </test-method> <!-- runScenario -->
        <test-method signature="runScenario(io.cucumber.testng.PickleWrapper,io.cucumber.testng.FeatureWrapper)[pri:0, instance:CucumberTestRunner.TestRunner@303cf2ba]" started-at="2024-05-26T11:13:13 IST" name="runScenario" description="Runs Cucumber Scenarios" data-provider="scenarios" finished-at="2024-05-26T11:13:14 IST" duration-ms="1317" status="PASS">
          <params>
            <param index="0">
              <value>
                <![CDATA["Verify Add multiple places in the API"]]>
              </value>
            </param>
            <param index="1">
              <value>
                <![CDATA["Validation of Places in the API"]]>
              </value>
            </param>
          </params>
          <reporter-output>
          </reporter-output>
        </test-method> <!-- runScenario -->
        <test-method signature="runScenario(io.cucumber.testng.PickleWrapper,io.cucumber.testng.FeatureWrapper)[pri:0, instance:CucumberTestRunner.TestRunner@303cf2ba]" started-at="2024-05-26T11:13:14 IST" name="runScenario" description="Runs Cucumber Scenarios" data-provider="scenarios" finished-at="2024-05-26T11:13:15 IST" duration-ms="1076" status="PASS">
          <params>
            <param index="0">
              <value>
                <![CDATA["Verify Add multiple places in the API"]]>
              </value>
            </param>
            <param index="1">
              <value>
                <![CDATA["Validation of Places in the API"]]>
              </value>
            </param>
          </params>
          <reporter-output>
          </reporter-output>
        </test-method> <!-- runScenario -->
        <test-method signature="runScenario(io.cucumber.testng.PickleWrapper,io.cucumber.testng.FeatureWrapper)[pri:0, instance:CucumberTestRunner.TestRunner@303cf2ba]" started-at="2024-05-26T11:13:15 IST" name="runScenario" description="Runs Cucumber Scenarios" data-provider="scenarios" finished-at="2024-05-26T11:13:17 IST" duration-ms="1384" status="PASS">
          <params>
            <param index="0">
              <value>
                <![CDATA["Verify Delete a place in the API"]]>
              </value>
            </param>
            <param index="1">
              <value>
                <![CDATA["Validation of Places in the API"]]>
              </value>
            </param>
          </params>
          <reporter-output>
          </reporter-output>
        </test-method> <!-- runScenario -->
        <test-method is-config="true" signature="tearDownClass()[pri:0, instance:CucumberTestRunner.TestRunner@303cf2ba]" started-at="2024-05-26T11:13:17 IST" name="tearDownClass" finished-at="2024-05-26T11:13:17 IST" duration-ms="3" status="PASS">
          <reporter-output>
          </reporter-output>
        </test-method> <!-- tearDownClass -->
      </class> <!-- CucumberTestRunner.TestRunner -->
    </test> <!-- Default test -->
  </suite> <!-- Default suite -->
</testng-results>
